[INFO] Strike the Earth!
[INFO] Got Content-Length: 4188
{"id":1,"params":{"processId":78714,"workspaceFolders":[{"uri":"file:///home/luminight/projects/awaken-hero","name":"/home/luminight/projects/awaken-hero"}],"rootPath":"/home/luminight/projects/awaken-hero","trace":"off","capabilities":{"general":{"positionEncodings":["utf-8","utf-16","utf-32"]},"workspace":{"applyEdit":true,"workspaceFolders":true,"configuration":true,"inlayHint":{"refreshSupport":true},"didChangeWatchedFiles":{"dynamicRegistration":false,"relativePatternSupport":true},"workspaceEdit":{"resourceOperations":["rename","create","delete"]},"symbol":{"dynamicRegistration":false,"symbolKind":{"valueSet":[1,2,3,4,5,6,7,8,9,10,11,12,13,14,15,16,17,18,19,20,21,22,23,24,25,26]}},"didChangeConfiguration":{"dynamicRegistration":false},"semanticTokens":{"refreshSupport":true}},"window":{"workDoneProgress":true,"showMessage":{"messageActionItem":{"additionalPropertiesSupport":true}},"showDocument":{"support":true}},"textDocument":{"signatureHelp":{"dynamicRegistration":false,"signatureInformation":{"activeParameterSupport":true,"documentationFormat":["markdown","plaintext"],"parameterInformation":{"labelOffsetSupport":true}}},"codeLens":{"dynamicRegistration":false,"resolveSupport":{"properties":["command"]}},"codeAction":{"dynamicRegistration":true,"dataSupport":true,"resolveSupport":{"properties":["edit","command"]},"isPreferredSupport":true,"codeActionLiteralSupport":{"codeActionKind":{"valueSet":["","quickfix","refactor","refactor.extract","refactor.inline","refactor.rewrite","source","source.organizeImports"]}}},"typeDefinition":{"linkSupport":true},"definition":{"linkSupport":true,"dynamicRegistration":true},"completion":{"dynamicRegistration":false,"completionItem":{"preselectSupport":false,"commitCharactersSupport":false,"snippetSupport":true,"resolveSupport":{"properties":["additionalTextEdits","command"]},"documentationFormat":["markdown","plaintext"],"tagSupport":{"valueSet":[1]},"deprecatedSupport":true},"completionList":{"itemDefaults":["editRange","insertTextFormat","insertTextMode","data"]},"contextSupport":true,"completionItemKind":{"valueSet":[1,2,3,4,5,6,7,8,9,10,11,12,13,14,15,16,17,18,19,20,21,22,23,24,25]}},"semanticTokens":{"serverCancelSupport":false,"multilineTokenSupport":false,"overlappingTokenSupport":true,"tokenTypes":["namespace","type","class","enum","interface","struct","typeParameter","parameter","variable","property","enumMember","event","function","method","macro","keyword","modifier","comment","string","number","regexp","operator","decorator"],"dynamicRegistration":false,"formats":["relative"],"tokenModifiers":["declaration","definition","readonly","static","deprecated","abstract","async","modification","documentation","defaultLibrary"],"requests":{"full":{"delta":true},"range":false},"augmentsSyntaxTokens":true},"documentHighlight":{"dynamicRegistration":false},"foldingRange":{"foldingRange":{"collapsedText":true},"lineFoldingOnly":true,"foldingRangeKind":{"valueSet":["comment","imports","region"]},"dynamicRegistration":false},"inlayHint":{"dynamicRegistration":true,"resolveSupport":{"properties":["textEdits","tooltip","location","command"]}},"hover":{"contentFormat":["markdown","plaintext"],"dynamicRegistration":true},"synchronization":{"willSaveWaitUntil":true,"willSave":true,"didSave":true,"dynamicRegistration":false},"diagnostic":{"tagSupport":{"valueSet":[1,2]},"dynamicRegistration":false},"references":{"dynamicRegistration":false},"implementation":{"linkSupport":true},"declaration":{"linkSupport":true},"callHierarchy":{"dynamicRegistration":false},"publishDiagnostics":{"tagSupport":{"valueSet":[1,2]},"relatedInformation":true,"dataSupport":true},"documentSymbol":{"dynamicRegistration":false,"symbolKind":{"valueSet":[1,2,3,4,5,6,7,8,9,10,11,12,13,14,15,16,17,18,19,20,21,22,23,24,25,26]},"hierarchicalDocumentSymbolSupport":true},"rangeFormatting":{"rangesSupport":true,"dynamicRegistration":true},"rename":{"dynamicRegistration":true,"prepareSupport":true},"formatting":{"dynamicRegistration":true}}},"rootUri":"file:///home/luminight/projects/awaken-hero","clientInfo":{"name":"Neovim","version":"0.11.6+v0.11.6"},"workDoneToken":"1"},"method":"initialize","jsonrpc":"2.0"}

[INFO] Read request method: "initialize"
[INFO] Handling method "initialize"
[LOG] Sending Response: 
Content-Length: 125

{"id":1,"result":{"capabilities":{"textDocumentSync":1,"hoverProvider":true},"serverInfo":{"name":"ib-lsp","version":"0.1"}}}

[INFO] Got Content-Length: 52
{"method":"initialized","params":{},"jsonrpc":"2.0"}

[INFO] Read request method: "initialized"
[INFO] Handling method "initialized"
[INFO] Got Content-Length: 44
{"id":2,"method":"shutdown","jsonrpc":"2.0"}

[INFO] Read request method: "shutdown"
[INFO] Handling method "shutdown"
[INFO] Got Content-Length: 44
{"id":3,"method":"shutdown","jsonrpc":"2.0"}

[INFO] Read request method: "shutdown"
[INFO] Handling method "shutdown"
[INFO] Losing is fun!
